2020-05-13 20:29:28.867  INFO 6216 --- [main] com.Interv.Starwars.StarwarsApplication  : Starting StarwarsApplication on IBMPF0P6NNP with PID 6216 (D:\kcb\interview\starwarss\starwars\target\classes started by PMMuthama in D:\kcb\interview\starwarss\starwars)
2020-05-13 20:29:28.923  INFO 6216 --- [main] com.Interv.Starwars.StarwarsApplication  : No active profile set, falling back to default profiles: default
2020-05-13 20:29:29.923  INFO 6216 --- [main] .s.d.r.c.RepositoryConfigurationDelegate : Bootstrapping Spring Data JPA repositories in DEFAULT mode.
2020-05-13 20:29:30.001  INFO 6216 --- [main] .s.d.r.c.RepositoryConfigurationDelegate : Finished Spring Data repository scanning in 62ms. Found 1 JPA repository interfaces.
2020-05-13 20:29:30.689  INFO 6216 --- [main] o.s.b.w.embedded.tomcat.TomcatWebServer  : Tomcat initialized with port(s): 8080 (http)
2020-05-13 20:29:30.697  INFO 6216 --- [main] o.apache.catalina.core.StandardService   : Starting service [Tomcat]
2020-05-13 20:29:30.697  INFO 6216 --- [main] org.apache.catalina.core.StandardEngine  : Starting Servlet engine: [Apache Tomcat/9.0.34]
2020-05-13 20:29:30.828  INFO 6216 --- [main] o.a.c.c.C.[Tomcat].[localhost].[/]       : Initializing Spring embedded WebApplicationContext
2020-05-13 20:29:30.828  INFO 6216 --- [main] o.s.web.context.ContextLoader            : Root WebApplicationContext: initialization completed in 1805 ms
2020-05-13 20:29:30.904  INFO 6216 --- [main] com.zaxxer.hikari.HikariDataSource       : HikariPool-1 - Starting...
2020-05-13 20:29:31.166  INFO 6216 --- [main] com.zaxxer.hikari.HikariDataSource       : HikariPool-1 - Start completed.
2020-05-13 20:29:31.173  INFO 6216 --- [main] o.s.b.a.h2.H2ConsoleAutoConfiguration    : H2 console available at '/h2-console'. Database available at 'jdbc:h2:~/dbStarwars'
2020-05-13 20:29:31.352  INFO 6216 --- [main] o.hibernate.jpa.internal.util.LogHelper  : HHH000204: Processing PersistenceUnitInfo [name: default]
2020-05-13 20:29:31.480  INFO 6216 --- [main] org.hibernate.Version                    : HHH000412: Hibernate ORM core version 5.4.15.Final
2020-05-13 20:29:31.621  INFO 6216 --- [main] o.hibernate.annotations.common.Version   : HCANN000001: Hibernate Commons Annotations {5.1.0.Final}
2020-05-13 20:29:31.717  INFO 6216 --- [main] org.hibernate.dialect.Dialect            : HHH000400: Using dialect: org.hibernate.dialect.H2Dialect
2020-05-13 20:29:32.368  INFO 6216 --- [main] o.h.e.t.j.p.i.JtaPlatformInitiator       : HHH000490: Using JtaPlatform implementation: [org.hibernate.engine.transaction.jta.platform.internal.NoJtaPlatform]
2020-05-13 20:29:32.376  INFO 6216 --- [main] j.LocalContainerEntityManagerFactoryBean : Initialized JPA EntityManagerFactory for persistence unit 'default'
2020-05-13 20:29:33.248  WARN 6216 --- [main] JpaBaseConfiguration$JpaWebConfiguration : spring.jpa.open-in-view is enabled by default. Therefore, database queries may be performed during view rendering. Explicitly configure spring.jpa.open-in-view to disable this warning
2020-05-13 20:29:33.476  INFO 6216 --- [main] o.s.s.concurrent.ThreadPoolTaskExecutor  : Initializing ExecutorService 'applicationTaskExecutor'
2020-05-13 20:29:34.302  INFO 6216 --- [main] o.s.b.w.embedded.tomcat.TomcatWebServer  : Tomcat started on port(s): 8080 (http) with context path ''
2020-05-13 20:29:34.306  INFO 6216 --- [main] com.Interv.Starwars.StarwarsApplication  : Started StarwarsApplication in 6.172 seconds (JVM running for 7.207)
2020-05-13 20:32:59.054  INFO 6216 --- [RMI TCP Connection(14)-127.0.0.1] inMXBeanRegistrar$SptringApplicationAdmin : Application shutdown requested.
2020-05-13 20:32:59.059  INFO 6216 --- [RMI TCP Connection(14)-127.0.0.1] o.s.s.concurrent.ThreadPoolTaskExecutor  : Shutting down ExecutorService 'applicationTaskExecutor'
2020-05-13 20:32:59.059  INFO 6216 --- [RMI TCP Connection(14)-127.0.0.1] j.LocalContainerEntityManagerFactoryBean : Closing JPA EntityManagerFactory for persistence unit 'default'
2020-05-13 20:32:59.063  INFO 6216 --- [RMI TCP Connection(14)-127.0.0.1] com.zaxxer.hikari.HikariDataSource       : HikariPool-1 - Shutdown initiated...
2020-05-13 20:32:59.067  INFO 6216 --- [RMI TCP Connection(14)-127.0.0.1] com.zaxxer.hikari.HikariDataSource       : HikariPool-1 - Shutdown completed.
